#
# There is insufficient memory for the Java Runtime Environment to continue.
# Native memory allocation (mmap) failed to map 260046848 bytes for G1 virtual space
# Possible reasons:
#   The system is out of physical RAM or swap space
#   The process is running with CompressedOops enabled, and the Java Heap may be blocking the growth of the native heap
# Possible solutions:
#   Reduce memory load on the system
#   Increase physical memory or swap space
#   Check if swap backing store is full
#   Decrease Java heap size (-Xmx/-Xms)
#   Decrease number of Java threads
#   Decrease Java thread stack sizes (-Xss)
#   Set larger code cache with -XX:ReservedCodeCacheSize=
#   JVM is running with Zero Based Compressed Oops mode in which the Java heap is
#     placed in the first 32GB address space. The Java Heap base address is the
#     maximum limit for the native heap growth. Please use -XX:HeapBaseMinAddress
#     to set the Java Heap base and to place the Java Heap above 32GB virtual address.
# This output file may be truncated or incomplete.
#
#  Out of Memory Error (os_windows.cpp:3760), pid=349536, tid=349608
#
# JRE version:  (17.0.5+1) (build )
# Java VM: OpenJDK 64-Bit Server VM (17.0.5+1-b653.25, mixed mode, sharing, tiered, compressed oops, compressed class ptrs, g1 gc, windows-amd64)
# No core dump will be written. Minidumps are not enabled by default on client versions of Windows
#

---------------  S U M M A R Y ------------

Command Line: git4idea.http.GitAskPassApp Username for 'https://github.com': 

Host: AMD Ryzen 7 4800H with Radeon Graphics         , 16 cores, 15G,  Windows 10 , 64 bit Build 19041 (10.0.19041.1348)
Time: Mon May  1 23:54:43 2023 RTZ 2 (s 10 , 64 bit Build 19041 (10.0.19041.1348) elapsed time: 0.008370 seconds (0d 0h 0m 0s)

---------------  T H R E A D  ---------------

Current thread (0x0000023dcbb3b190):  JavaThread "Unknown thread" [_thread_in_vm, id=349608, stack(0x000000cca8800000,0x000000cca8900000)]

Stack: [0x000000cca8800000,0x000000cca8900000]
Native frames: (J=compiled Java code, j=interpreted, Vv=VM code, C=native code)
V  [jvm.dll+0x6830ca]
V  [jvm.dll+0x83f4c4]
V  [jvm.dll+0x840c6e]
V  [jvm.dll+0x8412d3]
V  [jvm.dll+0x2490b5]
V  [jvm.dll+0x67ff99]
V  [jvm.dll+0x6744aa]
V  [jvm.dll+0x308f2b]
V  [jvm.dll+0x3103e6]
V  [jvm.dll+0x36013e]
V  [jvm.dll+0x36036f]
V  [jvm.dll+0x2df018]
V  [jvm.dll+0x2dff84]
V  [jvm.dll+0x810d91]
V  [jvm.dll+0x36df31]
V  [jvm.dll+0x7f028c]
V  [jvm.dll+0x3f0cbf]
V  [jvm.dll+0x3f2801]
C  [jli.dll+0x526b]
C  [ucrtbase.dll+0x21bb2]
C  [KERNEL32.DLL+0x17034]
C  [ntdll.dll+0x52651]


---------------  P R O C E S S  ---------------

Threads class SMR info:
_java_thread_list=0x00007ffdfe268f98, length=0, elements={
}

Java Threads: ( => current thread )

Other Threads:
  0x0000023dcbba6860 GCTaskThread "GC Thread#0" [stack: 0x000000cca8900000,0x000000cca8a00000] [id=349604]
  0x0000023dcbbb7e70 ConcurrentGCThread "G1 Main Marker" [stack: 0x000000cca8a00000,0x000000cca8b00000] [id=349596]
  0x0000023dcbbb8880 ConcurrentGCThread "G1 Conc#0" [stack: 0x000000cca8b00000,0x000000cca8c00000] [id=349724]

[error occurred during error reporting (printing all threads), id 0xc0000005, EXCEPTION_ACCESS_VIOLATION (0xc0000005) at pc=0x00007ffdfda1fbd7]

VM state: not at safepoint (not fully initialized)

VM Mutex/Monitor currently owned by a thread:  ([mutex/lock_event])
[0x0000023dcbb35dc0] Heap_lock - owner thread: 0x0000023dcbb3b190

Heap address: 0x0000000709400000, size: 3948 MB, Compressed Oops mode: Zero based, Oop shift amount: 3

CDS archive(s) mapped at: [0x0000000000000000-0x0000000000000000-0x0000000000000000), size 0, SharedBaseAddress: 0x0000000800000000, ArchiveRelocationMode: 0.
Narrow klass base: 0x0000000000000000, Narrow klass shift: 0, Narrow klass range: 0x0

GC Precious Log:
<Empty>

Heap:
 garbage-first heap   total 0K, used 0K [0x0000000709400000, 0x0000000800000000)
  region size 2048K, 0 young (0K), 0 survivors (0K)

[error occurred during error reporting (printing heap information), id 0xc0000005, EXCEPTION_ACCESS_VIOLATION (0xc0000005) at pc=0x00007ffdfde0cd59]

GC Heap History (0 events):
No events

Dll operation events (1 events):
Event: 0.005 Loaded shared library C:\Users\usp20\AppData\Local\JetBrains\Toolbox\apps\Rider\ch-0\223.8617.53\jbr\bin\java.dll

Deoptimization events (0 events):
No events

Classes unloaded (0 events):
No events

Classes redefined (0 events):
No events

Internal exceptions (0 events):
No events

VM Operations (0 events):
No events

Events (0 events):
No events


Dynamic libraries:
0x00007ff6d4650000 - 0x00007ff6d465a000 	C:\Users\usp20\AppData\Local\JetBrains\Toolbox\apps\Rider\ch-0\223.8617.53\jbr\bin\java.exe
0x00007ffea17b0000 - 0x00007ffea19a5000 	C:\Windows\SYSTEM32\ntdll.dll
0x00007ffea16b0000 - 0x00007ffea176e000 	C:\Windows\System32\KERNEL32.DLL
0x00007ffe9eec0000 - 0x00007ffe9f188000 	C:\Windows\System32\KERNELBASE.dll
0x00007ffe9f2c0000 - 0x00007ffe9f3c0000 	C:\Windows\System32\ucrtbase.dll
0x00007ffe6f190000 - 0x00007ffe6f1a7000 	C:\Users\usp20\AppData\Local\JetBrains\Toolbox\apps\Rider\ch-0\223.8617.53\jbr\bin\jli.dll
0x00007ffe3bb20000 - 0x00007ffe3bb3b000 	C:\Users\usp20\AppData\Local\JetBrains\Toolbox\apps\Rider\ch-0\223.8617.53\jbr\bin\VCRUNTIME140.dll
0x00007ffea0a40000 - 0x00007ffea0be1000 	C:\Windows\System32\USER32.dll
0x00007ffe9f500000 - 0x00007ffe9f522000 	C:\Windows\System32\win32u.dll
0x00007ffe9f7f0000 - 0x00007ffe9f81b000 	C:\Windows\System32\GDI32.dll
0x00007ffe9f6e0000 - 0x00007ffe9f7ed000 	C:\Windows\System32\gdi32full.dll
0x00007ffe9e3b0000 - 0x00007ffe9e64a000 	C:\Windows\WinSxS\amd64_microsoft.windows.common-controls_6595b64144ccf1df_6.0.19041.1110_none_60b5254171f9507e\COMCTL32.dll
0x00007ffe9f190000 - 0x00007ffe9f22d000 	C:\Windows\System32\msvcp_win.dll
0x00007ffe9ff00000 - 0x00007ffe9ff9e000 	C:\Windows\System32\msvcrt.dll
0x00007ffea0d20000 - 0x00007ffea0d50000 	C:\Windows\System32\IMM32.DLL
0x00007ffe84ab0000 - 0x00007ffe84abc000 	C:\Users\usp20\AppData\Local\JetBrains\Toolbox\apps\Rider\ch-0\223.8617.53\jbr\bin\vcruntime140_1.dll
0x00007ffe06dd0000 - 0x00007ffe06e5d000 	C:\Users\usp20\AppData\Local\JetBrains\Toolbox\apps\Rider\ch-0\223.8617.53\jbr\bin\msvcp140.dll
0x00007ffdfd730000 - 0x00007ffdfe39b000 	C:\Users\usp20\AppData\Local\JetBrains\Toolbox\apps\Rider\ch-0\223.8617.53\jbr\bin\server\jvm.dll
0x00007ffe9fb70000 - 0x00007ffe9fc1c000 	C:\Windows\System32\ADVAPI32.dll
0x00007ffea08d0000 - 0x00007ffea096b000 	C:\Windows\System32\sechost.dll
0x00007ffea0420000 - 0x00007ffea054a000 	C:\Windows\System32\RPCRT4.dll
0x00007ffe78a00000 - 0x00007ffe78a09000 	C:\Windows\SYSTEM32\WSOCK32.dll
0x00007ffea09d0000 - 0x00007ffea0a3b000 	C:\Windows\System32\WS2_32.dll
0x00007ffe944b0000 - 0x00007ffe944d7000 	C:\Windows\SYSTEM32\WINMM.dll
0x00007ffe96f60000 - 0x00007ffe96f6a000 	C:\Windows\SYSTEM32\VERSION.dll
0x00007ffe9c720000 - 0x00007ffe9c732000 	C:\Windows\SYSTEM32\kernel.appcore.dll
0x00007ffe9a500000 - 0x00007ffe9a50a000 	C:\Users\usp20\AppData\Local\JetBrains\Toolbox\apps\Rider\ch-0\223.8617.53\jbr\bin\jimage.dll
0x00007ffe9e840000 - 0x00007ffe9ea24000 	C:\Windows\SYSTEM32\DBGHELP.DLL
0x00007ffe9e810000 - 0x00007ffe9e83c000 	C:\Windows\SYSTEM32\dbgcore.DLL
0x00007ffe9f230000 - 0x00007ffe9f2b2000 	C:\Windows\System32\bcryptPrimitives.dll
0x00007ffe87110000 - 0x00007ffe87135000 	C:\Users\usp20\AppData\Local\JetBrains\Toolbox\apps\Rider\ch-0\223.8617.53\jbr\bin\java.dll

dbghelp: loaded successfully - version: 4.0.5 - missing functions: none
symbol engine: initialized successfully - sym options: 0x614 - pdb path: .;C:\Users\usp20\AppData\Local\JetBrains\Toolbox\apps\Rider\ch-0\223.8617.53\jbr\bin;C:\Windows\SYSTEM32;C:\Windows\WinSxS\amd64_microsoft.windows.common-controls_6595b64144ccf1df_6.0.19041.1110_none_60b5254171f9507e;C:\Users\usp20\AppData\Local\JetBrains\Toolbox\apps\Rider\ch-0\223.8617.53\jbr\bin\server

VM Arguments:
java_command: git4idea.http.GitAskPassApp Username for 'https://github.com': 
java_class_path (initial): C:/Users/usp20/AppData/Local/JetBrains/Toolbox/apps/Rider/ch-0/223.8617.53/plugins/vcs-git/lib/git4idea-rt.jar;C:/Users/usp20/AppData/Local/JetBrains/Toolbox/apps/Rider/ch-0/223.8617.53/lib/externalProcess-rt.jar;C:/Users/usp20/AppData/Local/JetBrains/Toolbox/apps/Rider/ch-0/223.8617.53/lib/app.jar;C:/Users/usp20/AppData/Local/JetBrains/Toolbox/apps/Rider/ch-0/223.8617.53/lib/3rd-party-rt.jar
Launcher Type: SUN_STANDARD

[Global flags]
     intx CICompilerCount                          = 12                                        {product} {ergonomic}
     uint ConcGCThreads                            = 3                                         {product} {ergonomic}
     uint G1ConcRefinementThreads                  = 13                                        {product} {ergonomic}
   size_t G1HeapRegionSize                         = 2097152                                   {product} {ergonomic}
    uintx GCDrainStackTargetSize                   = 64                                        {product} {ergonomic}
   size_t InitialHeapSize                          = 260046848                                 {product} {ergonomic}
   size_t MarkStackSize                            = 4194304                                   {product} {ergonomic}
   size_t MaxHeapSize                              = 4139778048                                {product} {ergonomic}
   size_t MinHeapDeltaBytes                        = 2097152                                   {product} {ergonomic}
   size_t MinHeapSize                              = 8388608                                   {product} {ergonomic}
    uintx NonNMethodCodeHeapSize                   = 7602480                                {pd product} {ergonomic}
    uintx NonProfiledCodeHeapSize                  = 122027880                              {pd product} {ergonomic}
    uintx ProfiledCodeHeapSize                     = 122027880                              {pd product} {ergonomic}
    uintx ReservedCodeCacheSize                    = 251658240                              {pd product} {ergonomic}
     bool SegmentedCodeCache                       = true                                      {product} {ergonomic}
   size_t SoftMaxHeapSize                          = 4139778048                             {manageable} {ergonomic}
     bool UseCompressedClassPointers               = true                           {product lp64_product} {ergonomic}
     bool UseCompressedOops                        = true                           {product lp64_product} {ergonomic}
     bool UseG1GC                                  = true                                      {product} {ergonomic}
     bool UseLargePagesIndividualAllocation        = false                                  {pd product} {ergonomic}

Logging:
Log output configuration:
 #0: stdout all=warning uptime,level,tags
 #1: stderr all=off uptime,level,tags

Environment Variables:
JAVA_HOME=C:\Program Files\Java\jdk-17.0.2
CLASSPATH=.;
PATH=C:/Program Files/Git/mingw64/libexec/git-core;C:/Program Files/Git/mingw64/libexec/git-core;C:\Program Files\Git\mingw64\bin;C:\Program Files\Git\usr\bin;C:\Users\usp20\bin;C:\Python311\Scripts\;C:\Python311\;C:\Program Files\Common Files\Oracle\Java\javapath;C:\Program Files (x86)\Common Files\Oracle\Java\javapath;C:\Windows\System32;C:\Program Files\dotnet\;C:\Program Files\Microsoft SQL Server\130\Tools\Binn\;C:\Users\usp20\Desktop\makeTest\;C:\Program Files\Git\cmd;C:\Windows\System32\OpenSSH;C:\Program Files\Docker\Docker\resources\bin;C:\ProgramData\DockerDesktop\version-bin;C:\Program Files (x86)\AMD\ATI.ACE\Core-Static;C:\Program Files\Java\jdk-17.0.2\bin;C:/Program Files/JetBrains/IntelliJ IDEA 2020.2.3/plugins/maven/lib/maven3\bin;C:\Program Files\PowerShell\7\;C:\Program Files (x86)\dotnet\;C:\Program Files (x86)\NVIDIA Corporation\PhysX\Common;C:\Program Files\NVIDIA Corporation\NVIDIA NvDLISR;C:\php;C:\protoc-21.7-win64\bin;C:\ProgramData\ComposerSetup\bin;C:\Users\usp20\AppData\Local\Packages\PythonSoftwareFoundation.Python.3.9_qbz5n2kfra8p0\LocalCache\local-packages\Python39\Scripts;C:\Program Files\nodejs\;C:\ProgramData\chocolatey\bin;C:\Program Files\Go\bin;E:\Git LFS;C:\Program Files\PostgreSQL\13\bin;C:\Program Files\Cloudflare\Cloudflare WARP\;C:\Program Files\PuTTY\;%GOPATH%\bin;C:\Users\usp20\AppData\Local\Microsoft\WindowsApps;C:\Users\usp20\AppData\Local\Programs\Microsoft VS Code\bin;C:\Program Files\JetBrains\IntelliJ IDEA 2020.2.3\bin;C:\Users\usp20\AppData\Local\GitHubDesktop\bin;C:\Users\usp20\go\bin;C:\Users\usp20\yandex-cloud\bin;C:\Program Files\Heroku\bin;C:\Users\usp20\AppData\Local\JetBrains\Toolbox\scripts;C:\Users\usp20\AppData\Local\ComposerSetup\bin;C:\Users\usp20\AppData\Roaming\Composer\vendor\bin;C:\Users\usp20\AppData\Roaming\npm;C:\Users\usp20\go\bin
USERNAME=usp20
DISPLAY=:0.0
LC_ALL=en_US.UTF-8
TERM=cygwin
TMPDIR=C:\Users\usp20\AppData\Local\Temp
OS=Windows_NT
PROCESSOR_IDENTIFIER=AMD64 Family 23 Model 96 Stepping 1, AuthenticAMD
TMP=C:\Users\usp20\AppData\Local\Temp
TEMP=C:\Users\usp20\AppData\Local\Temp



---------------  S Y S T E M  ---------------

OS:
 Windows 10 , 64 bit Build 19041 (10.0.19041.1348)
OS uptime: 3 days 11:06 hours
Hyper-V role detected

CPU: total 16 (initial active 16) (16 cores per cpu, 2 threads per core) family 23 model 96 stepping 1 microcode 0x0, cx8, cmov, fxsr, ht, mmx, 3dnowpref, sse, sse2, sse3, ssse3, sse4a, sse4.1, sse4.2, popcnt, lzcnt, tsc, tscinvbit, avx, avx2, aes, clmul, bmi1, bmi2, adx, sha, fma, vzeroupper, clflush, clflushopt, hv

Memory: 4k page, system-wide physical 15791M (1586M free)
TotalPageFile size 32175M (AvailPageFile size 176M)
current process WorkingSet (physical memory assigned to process): 10M, peak: 10M
current process commit charge ("private bytes"): 70M, peak: 318M

vm_info: OpenJDK 64-Bit Server VM (17.0.5+1-b653.25) for windows-amd64 JRE (17.0.5+1-b653.25), built on 2023-01-04 by "builduser" with MS VC++ 16.10 / 16.11 (VS2019)

END.
